
Gurobi 11.0.3 (win64, Java) logging started Tue Sep 10 17:28:13 2024

Set parameter Username
Set parameter LogFile to value "src/main/java/gzhu/yh/logger/ILP_MDRD.log"
Academic license - for non-commercial use only - expires 2025-09-02
Gurobi Optimizer version 11.0.3 build v11.0.3rc0 (win64 - Windows 10.0 (19045.2))

CPU model: Intel(R) Core(TM) i5-7300HQ CPU @ 2.50GHz, instruction set [SSE2|AVX|AVX2]
Thread count: 4 physical cores, 4 logical processors, using up to 4 threads

Optimize a model with 3 rows, 40 columns and 40 nonzeros
Model fingerprint: 0x3d9154a9
Variable types: 0 continuous, 40 integer (40 binary)
Coefficient statistics:
  Matrix range     [1e+00, 1e+05]
  Objective range  [1e+00, 2e+00]
  Bounds range     [1e+00, 1e+00]
  RHS range        [1e+00, 9e+00]
Found heuristic solution: objective 2.0000000
Presolve removed 3 rows and 40 columns
Presolve time: 0.00s
Presolve: All rows and columns removed

Explored 0 nodes (0 simplex iterations) in 0.00 seconds (0.00 work units)
Thread count was 1 (of 4 available processors)

Solution count 2: 1 2 

Optimal solution found (tolerance 1.00e-04)
Best objective 1.000000000000e+00, best bound 1.000000000000e+00, gap 0.0000%

Gurobi 11.0.3 (win64, Java) logging started Tue Sep 10 17:32:51 2024

Set parameter Username
Set parameter LogFile to value "src/main/java/gzhu/yh/logger/ILP_MDRD.log"
Academic license - for non-commercial use only - expires 2025-09-02
Gurobi Optimizer version 11.0.3 build v11.0.3rc0 (win64 - Windows 10.0 (19045.2))

CPU model: Intel(R) Core(TM) i5-7300HQ CPU @ 2.50GHz, instruction set [SSE2|AVX|AVX2]
Thread count: 4 physical cores, 4 logical processors, using up to 4 threads

Optimize a model with 3 rows, 40 columns and 40 nonzeros
Model fingerprint: 0x1d5d4c37
Variable types: 0 continuous, 40 integer (40 binary)
Coefficient statistics:
  Matrix range     [1e+00, 1e+05]
  Objective range  [1e+00, 2e+00]
  Bounds range     [1e+00, 1e+00]
  RHS range        [1e+00, 9e+00]
Found heuristic solution: objective 2.0000000
Presolve removed 3 rows and 40 columns
Presolve time: 0.00s
Presolve: All rows and columns removed

Explored 0 nodes (0 simplex iterations) in 0.00 seconds (0.00 work units)
Thread count was 1 (of 4 available processors)

Solution count 2: 1 2 

Optimal solution found (tolerance 1.00e-04)
Best objective 1.000000000000e+00, best bound 1.000000000000e+00, gap 0.0000%

Gurobi 11.0.3 (win64, Java) logging started Tue Sep 10 17:33:07 2024

Set parameter Username
Set parameter LogFile to value "src/main/java/gzhu/yh/logger/ILP_MDRD.log"
Academic license - for non-commercial use only - expires 2025-09-02
Gurobi Optimizer version 11.0.3 build v11.0.3rc0 (win64 - Windows 10.0 (19045.2))

CPU model: Intel(R) Core(TM) i5-7300HQ CPU @ 2.50GHz, instruction set [SSE2|AVX|AVX2]
Thread count: 4 physical cores, 4 logical processors, using up to 4 threads

Optimize a model with 3 rows, 80 columns and 80 nonzeros
Model fingerprint: 0x817ef507
Variable types: 0 continuous, 80 integer (80 binary)
Coefficient statistics:
  Matrix range     [1e+00, 1e+05]
  Objective range  [1e+00, 2e+00]
  Bounds range     [1e+00, 1e+00]
  RHS range        [1e+00, 2e+01]
Found heuristic solution: objective 2.0000000
Presolve removed 3 rows and 80 columns
Presolve time: 0.00s
Presolve: All rows and columns removed

Explored 0 nodes (0 simplex iterations) in 0.00 seconds (0.00 work units)
Thread count was 1 (of 4 available processors)

Solution count 2: 1 2 

Optimal solution found (tolerance 1.00e-04)
Best objective 1.000000000000e+00, best bound 1.000000000000e+00, gap 0.0000%

Gurobi 11.0.3 (win64, Java) logging started Tue Sep 10 17:44:16 2024

Set parameter Username
Set parameter LogFile to value "src/main/java/gzhu/yh/logger/ILP_MDRD.log"
Academic license - for non-commercial use only - expires 2025-09-02
Gurobi Optimizer version 11.0.3 build v11.0.3rc0 (win64 - Windows 10.0 (19045.2))

CPU model: Intel(R) Core(TM) i5-7300HQ CPU @ 2.50GHz, instruction set [SSE2|AVX|AVX2]
Thread count: 4 physical cores, 4 logical processors, using up to 4 threads

Optimize a model with 3 rows, 20 columns and 20 nonzeros
Model fingerprint: 0x05464aea
Variable types: 0 continuous, 20 integer (20 binary)
Coefficient statistics:
  Matrix range     [1e+00, 1e+05]
  Objective range  [1e+00, 2e+00]
  Bounds range     [1e+00, 1e+00]
  RHS range        [1e+00, 4e+00]
Found heuristic solution: objective 2.0000000
Presolve removed 3 rows and 20 columns
Presolve time: 0.00s
Presolve: All rows and columns removed

Explored 0 nodes (0 simplex iterations) in 0.00 seconds (0.00 work units)
Thread count was 1 (of 4 available processors)

Solution count 2: 1 2 

Optimal solution found (tolerance 1.00e-04)
Best objective 1.000000000000e+00, best bound 1.000000000000e+00, gap 0.0000%

Gurobi 11.0.3 (win64) logging started Tue Sep 10 19:44:29 2024

Set parameter LogFile to value "src/main/java/gzhu/yh/logger/ILP_MDRD.log"
Gurobi Optimizer version 11.0.3 build v11.0.3rc0 (win64 - Windows 10.0 (19045.2))

CPU model: Intel(R) Core(TM) i5-7300HQ CPU @ 2.50GHz, instruction set [SSE2|AVX|AVX2]
Thread count: 4 physical cores, 4 logical processors, using up to 4 threads

Optimize a model with 11 rows, 20 columns and 54 nonzeros
Model fingerprint: 0xc2463b22
Variable types: 0 continuous, 20 integer (20 binary)
Coefficient statistics:
  Matrix range     [1e+00, 1e+05]
  Objective range  [1e+00, 2e+00]
  Bounds range     [1e+00, 1e+00]
  RHS range        [1e+00, 4e+00]
Found heuristic solution: objective 2.0000000
Presolve removed 0 rows and 5 columns
Presolve time: 0.01s
Presolved: 11 rows, 15 columns, 54 nonzeros
Variable types: 0 continuous, 15 integer (15 binary)

Explored 0 nodes (0 simplex iterations) in 0.01 seconds (0.00 work units)
Thread count was 4 (of 4 available processors)

Solution count 1: 2 

Optimal solution found (tolerance 1.00e-04)
Best objective 2.000000000000e+00, best bound 2.000000000000e+00, gap 0.0000%

Gurobi 11.0.3 (win64) logging started Tue Sep 10 19:45:21 2024

Set parameter LogFile to value "src/main/java/gzhu/yh/logger/ILP_MDRD.log"
Gurobi Optimizer version 11.0.3 build v11.0.3rc0 (win64 - Windows 10.0 (19045.2))

CPU model: Intel(R) Core(TM) i5-7300HQ CPU @ 2.50GHz, instruction set [SSE2|AVX|AVX2]
Thread count: 4 physical cores, 4 logical processors, using up to 4 threads

Optimize a model with 11 rows, 20 columns and 54 nonzeros
Model fingerprint: 0xc2463b22
Variable types: 0 continuous, 20 integer (20 binary)
Coefficient statistics:
  Matrix range     [1e+00, 1e+05]
  Objective range  [1e+00, 2e+00]
  Bounds range     [1e+00, 1e+00]
  RHS range        [1e+00, 4e+00]
Found heuristic solution: objective 2.0000000
Presolve removed 0 rows and 5 columns
Presolve time: 0.00s
Presolved: 11 rows, 15 columns, 54 nonzeros
Variable types: 0 continuous, 15 integer (15 binary)

Explored 0 nodes (0 simplex iterations) in 0.00 seconds (0.00 work units)
Thread count was 4 (of 4 available processors)

Solution count 1: 2 

Optimal solution found (tolerance 1.00e-04)
Best objective 2.000000000000e+00, best bound 2.000000000000e+00, gap 0.0000%

Gurobi 11.0.3 (win64) logging started Tue Sep 10 19:46:05 2024

Set parameter LogFile to value "src/main/java/gzhu/yh/logger/ILP_MDRD.log"
Gurobi Optimizer version 11.0.3 build v11.0.3rc0 (win64 - Windows 10.0 (19045.2))

CPU model: Intel(R) Core(TM) i5-7300HQ CPU @ 2.50GHz, instruction set [SSE2|AVX|AVX2]
Thread count: 4 physical cores, 4 logical processors, using up to 4 threads

Optimize a model with 11 rows, 20 columns and 54 nonzeros
Model fingerprint: 0x7934023f
Variable types: 0 continuous, 20 integer (20 binary)
Coefficient statistics:
  Matrix range     [1e+00, 1e+05]
  Objective range  [1e+00, 2e+00]
  Bounds range     [1e+00, 1e+00]
  RHS range        [1e+00, 4e+00]
Found heuristic solution: objective 9.0000000
Presolve removed 0 rows and 5 columns
Presolve time: 0.00s
Presolved: 11 rows, 15 columns, 54 nonzeros
Variable types: 0 continuous, 15 integer (15 binary)
Found heuristic solution: objective 4.0000000

Root relaxation: objective 3.000000e+00, 8 iterations, 0.00 seconds (0.00 work units)

    Nodes    |    Current Node    |     Objective Bounds      |     Work
 Expl Unexpl |  Obj  Depth IntInf | Incumbent    BestBd   Gap | It/Node Time

*    0     0               0       3.0000000    3.00000  0.00%     -    0s

Explored 1 nodes (8 simplex iterations) in 0.00 seconds (0.00 work units)
Thread count was 4 (of 4 available processors)

Solution count 3: 3 4 9 

Optimal solution found (tolerance 1.00e-04)
Best objective 3.000000000000e+00, best bound 3.000000000000e+00, gap 0.0000%

Gurobi 11.0.3 (win64) logging started Tue Sep 10 19:47:00 2024

Set parameter LogFile to value "src/main/java/gzhu/yh/logger/ILP_MDRD.log"
Gurobi Optimizer version 11.0.3 build v11.0.3rc0 (win64 - Windows 10.0 (19045.2))

CPU model: Intel(R) Core(TM) i5-7300HQ CPU @ 2.50GHz, instruction set [SSE2|AVX|AVX2]
Thread count: 4 physical cores, 4 logical processors, using up to 4 threads

Optimize a model with 11 rows, 20 columns and 54 nonzeros
Model fingerprint: 0x7934023f
Variable types: 0 continuous, 20 integer (20 binary)
Coefficient statistics:
  Matrix range     [1e+00, 1e+05]
  Objective range  [1e+00, 2e+00]
  Bounds range     [1e+00, 1e+00]
  RHS range        [1e+00, 4e+00]
Found heuristic solution: objective 9.0000000
Presolve removed 0 rows and 5 columns
Presolve time: 0.00s
Presolved: 11 rows, 15 columns, 54 nonzeros
Variable types: 0 continuous, 15 integer (15 binary)
Found heuristic solution: objective 4.0000000

Root relaxation: objective 3.000000e+00, 8 iterations, 0.00 seconds (0.00 work units)

    Nodes    |    Current Node    |     Objective Bounds      |     Work
 Expl Unexpl |  Obj  Depth IntInf | Incumbent    BestBd   Gap | It/Node Time

*    0     0               0       3.0000000    3.00000  0.00%     -    0s

Explored 1 nodes (8 simplex iterations) in 0.00 seconds (0.00 work units)
Thread count was 4 (of 4 available processors)

Solution count 3: 3 4 9 

Optimal solution found (tolerance 1.00e-04)
Best objective 3.000000000000e+00, best bound 3.000000000000e+00, gap 0.0000%

Gurobi 11.0.3 (win64) logging started Tue Sep 10 19:59:36 2024

Set parameter LogFile to value "src/main/java/gzhu/yh/logger/ILP_MDRD.log"
Gurobi Optimizer version 11.0.3 build v11.0.3rc0 (win64 - Windows 10.0 (19045.2))

CPU model: Intel(R) Core(TM) i5-7300HQ CPU @ 2.50GHz, instruction set [SSE2|AVX|AVX2]
Thread count: 4 physical cores, 4 logical processors, using up to 4 threads

Optimize a model with 11 rows, 20 columns and 54 nonzeros
Model fingerprint: 0x7934023f
Variable types: 0 continuous, 20 integer (20 binary)
Coefficient statistics:
  Matrix range     [1e+00, 1e+05]
  Objective range  [1e+00, 2e+00]
  Bounds range     [1e+00, 1e+00]
  RHS range        [1e+00, 4e+00]
Found heuristic solution: objective 9.0000000
Presolve removed 0 rows and 5 columns
Presolve time: 0.00s
Presolved: 11 rows, 15 columns, 54 nonzeros
Variable types: 0 continuous, 15 integer (15 binary)
Found heuristic solution: objective 4.0000000

Root relaxation: objective 3.000000e+00, 8 iterations, 0.00 seconds (0.00 work units)

    Nodes    |    Current Node    |     Objective Bounds      |     Work
 Expl Unexpl |  Obj  Depth IntInf | Incumbent    BestBd   Gap | It/Node Time

*    0     0               0       3.0000000    3.00000  0.00%     -    0s

Explored 1 nodes (8 simplex iterations) in 0.01 seconds (0.00 work units)
Thread count was 4 (of 4 available processors)

Solution count 3: 3 4 9 

Optimal solution found (tolerance 1.00e-04)
Best objective 3.000000000000e+00, best bound 3.000000000000e+00, gap 0.0000%

Gurobi 11.0.3 (win64) logging started Tue Sep 10 20:19:54 2024

Set parameter LogFile to value "src/main/java/gzhu/yh/logger/ILP_MDRD.log"
Gurobi Optimizer version 11.0.3 build v11.0.3rc0 (win64 - Windows 10.0 (19045.2))

CPU model: Intel(R) Core(TM) i5-7300HQ CPU @ 2.50GHz, instruction set [SSE2|AVX|AVX2]
Thread count: 4 physical cores, 4 logical processors, using up to 4 threads

Optimize a model with 12 rows, 20 columns and 57 nonzeros
Model fingerprint: 0xeba30c7c
Variable types: 0 continuous, 20 integer (20 binary)
Coefficient statistics:
  Matrix range     [1e+00, 1e+05]
  Objective range  [1e+00, 2e+00]
  Bounds range     [1e+00, 1e+00]
  RHS range        [1e+00, 4e+00]
Found heuristic solution: objective 9.0000000
Presolve removed 0 rows and 5 columns
Presolve time: 0.00s
Presolved: 12 rows, 15 columns, 57 nonzeros
Variable types: 0 continuous, 15 integer (15 binary)
Found heuristic solution: objective 4.0000000

Root relaxation: cutoff, 4 iterations, 0.00 seconds (0.00 work units)

    Nodes    |    Current Node    |     Objective Bounds      |     Work
 Expl Unexpl |  Obj  Depth IntInf | Incumbent    BestBd   Gap | It/Node Time

     0     0     cutoff    0         4.00000    4.00000  0.00%     -    0s

Explored 1 nodes (4 simplex iterations) in 0.00 seconds (0.00 work units)
Thread count was 4 (of 4 available processors)

Solution count 2: 4 9 

Optimal solution found (tolerance 1.00e-04)
Best objective 4.000000000000e+00, best bound 4.000000000000e+00, gap 0.0000%

Gurobi 11.0.3 (win64) logging started Tue Sep 10 20:20:46 2024

Set parameter LogFile to value "src/main/java/gzhu/yh/logger/ILP_MDRD.log"
Gurobi Optimizer version 11.0.3 build v11.0.3rc0 (win64 - Windows 10.0 (19045.2))

CPU model: Intel(R) Core(TM) i5-7300HQ CPU @ 2.50GHz, instruction set [SSE2|AVX|AVX2]
Thread count: 4 physical cores, 4 logical processors, using up to 4 threads

Optimize a model with 16 rows, 20 columns and 69 nonzeros
Model fingerprint: 0x0d7b8116
Variable types: 0 continuous, 20 integer (20 binary)
Coefficient statistics:
  Matrix range     [1e+00, 1e+05]
  Objective range  [1e+00, 2e+00]
  Bounds range     [1e+00, 1e+00]
  RHS range        [1e+00, 4e+00]
Found heuristic solution: objective 5.0000000
Presolve removed 0 rows and 5 columns
Presolve time: 0.00s
Presolved: 16 rows, 15 columns, 69 nonzeros
Variable types: 0 continuous, 15 integer (15 binary)
Found heuristic solution: objective 4.0000000

Root relaxation: objective 3.000000e+00, 11 iterations, 0.00 seconds (0.00 work units)

    Nodes    |    Current Node    |     Objective Bounds      |     Work
 Expl Unexpl |  Obj  Depth IntInf | Incumbent    BestBd   Gap | It/Node Time

     0     0 infeasible    0         4.00000    4.00000  0.00%     -    0s

Explored 1 nodes (11 simplex iterations) in 0.00 seconds (0.00 work units)
Thread count was 4 (of 4 available processors)

Solution count 2: 4 5 

Optimal solution found (tolerance 1.00e-04)
Best objective 4.000000000000e+00, best bound 4.000000000000e+00, gap 0.0000%

Gurobi 11.0.3 (win64) logging started Tue Sep 10 21:16:49 2024

Set parameter LogFile to value "src/main/java/gzhu/yh/logger/ILP_MDRD.log"
Gurobi Optimizer version 11.0.3 build v11.0.3rc0 (win64 - Windows 10.0 (19045.2))

CPU model: Intel(R) Core(TM) i5-7300HQ CPU @ 2.50GHz, instruction set [SSE2|AVX|AVX2]
Thread count: 4 physical cores, 4 logical processors, using up to 4 threads

Optimize a model with 31 rows, 40 columns and 144 nonzeros
Model fingerprint: 0x20cae4a5
Variable types: 0 continuous, 40 integer (40 binary)
Coefficient statistics:
  Matrix range     [1e+00, 1e+05]
  Objective range  [1e+00, 2e+00]
  Bounds range     [1e+00, 1e+00]
  RHS range        [1e+00, 9e+00]
Found heuristic solution: objective 16.0000000
Presolve removed 0 rows and 10 columns
Presolve time: 0.00s
Presolved: 31 rows, 30 columns, 144 nonzeros
Variable types: 0 continuous, 30 integer (30 binary)
Found heuristic solution: objective 10.0000000

Root relaxation: objective 6.000000e+00, 22 iterations, 0.00 seconds (0.00 work units)

    Nodes    |    Current Node    |     Objective Bounds      |     Work
 Expl Unexpl |  Obj  Depth IntInf | Incumbent    BestBd   Gap | It/Node Time

     0     0    6.00000    0    2   10.00000    6.00000  40.0%     -    0s
H    0     0                       7.0000000    6.00000  14.3%     -    0s
     0     0 infeasible    0         7.00000    7.00000  0.00%     -    0s

Cutting planes:
  Gomory: 1
  MIR: 1
  RLT: 1

Explored 1 nodes (25 simplex iterations) in 0.02 seconds (0.00 work units)
Thread count was 4 (of 4 available processors)

Solution count 3: 7 10 16 

Optimal solution found (tolerance 1.00e-04)
Best objective 7.000000000000e+00, best bound 7.000000000000e+00, gap 0.0000%

Gurobi 11.0.3 (win64) logging started Tue Sep 10 21:22:47 2024

Set parameter LogFile to value "src/main/java/gzhu/yh/logger/ILP_MDRD.log"
Gurobi Optimizer version 11.0.3 build v11.0.3rc0 (win64 - Windows 10.0 (19045.2))

CPU model: Intel(R) Core(TM) i5-7300HQ CPU @ 2.50GHz, instruction set [SSE2|AVX|AVX2]
Thread count: 4 physical cores, 4 logical processors, using up to 4 threads

Optimize a model with 31 rows, 40 columns and 156 nonzeros
Model fingerprint: 0x07007ff0
Variable types: 0 continuous, 40 integer (40 binary)
Coefficient statistics:
  Matrix range     [1e+00, 1e+05]
  Objective range  [1e+00, 2e+00]
  Bounds range     [1e+00, 1e+00]
  RHS range        [1e+00, 9e+00]
Found heuristic solution: objective 16.0000000
Presolve removed 0 rows and 10 columns
Presolve time: 0.00s
Presolved: 31 rows, 30 columns, 156 nonzeros
Variable types: 0 continuous, 30 integer (30 binary)
Found heuristic solution: objective 9.0000000

Root relaxation: objective 6.000000e+00, 19 iterations, 0.00 seconds (0.00 work units)

    Nodes    |    Current Node    |     Objective Bounds      |     Work
 Expl Unexpl |  Obj  Depth IntInf | Incumbent    BestBd   Gap | It/Node Time

*    0     0               0       6.0000000    6.00000  0.00%     -    0s

Explored 1 nodes (19 simplex iterations) in 0.00 seconds (0.00 work units)
Thread count was 4 (of 4 available processors)

Solution count 3: 6 9 16 

Optimal solution found (tolerance 1.00e-04)
Best objective 6.000000000000e+00, best bound 6.000000000000e+00, gap 0.0000%

Gurobi 11.0.3 (win64) logging started Tue Sep 10 21:28:52 2024

Set parameter LogFile to value "src/main/java/gzhu/yh/logger/ILP_MDRD.log"
Gurobi Optimizer version 11.0.3 build v11.0.3rc0 (win64 - Windows 10.0 (19045.2))

CPU model: Intel(R) Core(TM) i5-7300HQ CPU @ 2.50GHz, instruction set [SSE2|AVX|AVX2]
Thread count: 4 physical cores, 4 logical processors, using up to 4 threads

Optimize a model with 31 rows, 40 columns and 198 nonzeros
Model fingerprint: 0x5c2958fa
Variable types: 0 continuous, 40 integer (40 binary)
Coefficient statistics:
  Matrix range     [1e+00, 1e+05]
  Objective range  [1e+00, 2e+00]
  Bounds range     [1e+00, 1e+00]
  RHS range        [1e+00, 9e+00]
Found heuristic solution: objective 11.0000000
Presolve removed 0 rows and 10 columns
Presolve time: 0.00s
Presolved: 31 rows, 30 columns, 198 nonzeros
Variable types: 0 continuous, 30 integer (30 binary)
Found heuristic solution: objective 7.0000000

Root relaxation: objective 4.000000e+00, 22 iterations, 0.00 seconds (0.00 work units)

    Nodes    |    Current Node    |     Objective Bounds      |     Work
 Expl Unexpl |  Obj  Depth IntInf | Incumbent    BestBd   Gap | It/Node Time

     0     0    4.00000    0    2    7.00000    4.00000  42.9%     -    0s
H    0     0                       6.0000000    4.00000  33.3%     -    0s
     0     0    4.42857    0   10    6.00000    4.42857  26.2%     -    0s
     0     0    5.00000    0   10    6.00000    5.00000  16.7%     -    0s
     0     0    5.00000    0    5    6.00000    5.00000  16.7%     -    0s

Cutting planes:
  Gomory: 1
  Cover: 1
  MIR: 5
  StrongCG: 1

Explored 1 nodes (36 simplex iterations) in 0.03 seconds (0.00 work units)
Thread count was 4 (of 4 available processors)

Solution count 3: 6 7 11 

Optimal solution found (tolerance 1.00e-04)
Best objective 6.000000000000e+00, best bound 6.000000000000e+00, gap 0.0000%

Gurobi 11.0.3 (win64) logging started Tue Sep 10 21:29:48 2024

Set parameter LogFile to value "src/main/java/gzhu/yh/logger/ILP_MDRD.log"
Gurobi Optimizer version 11.0.3 build v11.0.3rc0 (win64 - Windows 10.0 (19045.2))

CPU model: Intel(R) Core(TM) i5-7300HQ CPU @ 2.50GHz, instruction set [SSE2|AVX|AVX2]
Thread count: 4 physical cores, 4 logical processors, using up to 4 threads

Optimize a model with 31 rows, 40 columns and 192 nonzeros
Model fingerprint: 0x85b54b1d
Variable types: 0 continuous, 40 integer (40 binary)
Coefficient statistics:
  Matrix range     [1e+00, 1e+05]
  Objective range  [1e+00, 2e+00]
  Bounds range     [1e+00, 1e+00]
  RHS range        [1e+00, 9e+00]
Found heuristic solution: objective 6.0000000
Presolve removed 0 rows and 10 columns
Presolve time: 0.00s
Presolved: 31 rows, 30 columns, 192 nonzeros
Variable types: 0 continuous, 30 integer (30 binary)

Root relaxation: objective 4.500000e+00, 21 iterations, 0.00 seconds (0.00 work units)

    Nodes    |    Current Node    |     Objective Bounds      |     Work
 Expl Unexpl |  Obj  Depth IntInf | Incumbent    BestBd   Gap | It/Node Time

     0     0    4.50000    0    7    6.00000    4.50000  25.0%     -    0s
     0     0    4.50000    0    7    6.00000    4.50000  25.0%     -    0s
     0     0    5.00000    0    6    6.00000    5.00000  16.7%     -    0s
     0     0    5.00000    0    6    6.00000    5.00000  16.7%     -    0s

Cutting planes:
  Gomory: 2
  Zero half: 3
  RLT: 1

Explored 1 nodes (30 simplex iterations) in 0.02 seconds (0.00 work units)
Thread count was 4 (of 4 available processors)

Solution count 1: 6 

Optimal solution found (tolerance 1.00e-04)
Best objective 6.000000000000e+00, best bound 6.000000000000e+00, gap 0.0000%

Gurobi 11.0.3 (win64) logging started Tue Sep 10 21:30:20 2024

Set parameter LogFile to value "src/main/java/gzhu/yh/logger/ILP_MDRD.log"
Gurobi Optimizer version 11.0.3 build v11.0.3rc0 (win64 - Windows 10.0 (19045.2))

CPU model: Intel(R) Core(TM) i5-7300HQ CPU @ 2.50GHz, instruction set [SSE2|AVX|AVX2]
Thread count: 4 physical cores, 4 logical processors, using up to 4 threads

Optimize a model with 31 rows, 40 columns and 156 nonzeros
Model fingerprint: 0xb55e3023
Variable types: 0 continuous, 40 integer (40 binary)
Coefficient statistics:
  Matrix range     [1e+00, 1e+05]
  Objective range  [1e+00, 2e+00]
  Bounds range     [1e+00, 1e+00]
  RHS range        [1e+00, 9e+00]
Found heuristic solution: objective 16.0000000
Presolve removed 0 rows and 10 columns
Presolve time: 0.00s
Presolved: 31 rows, 30 columns, 156 nonzeros
Variable types: 0 continuous, 30 integer (30 binary)
Found heuristic solution: objective 8.0000000

Root relaxation: objective 6.000000e+00, 23 iterations, 0.00 seconds (0.00 work units)

    Nodes    |    Current Node    |     Objective Bounds      |     Work
 Expl Unexpl |  Obj  Depth IntInf | Incumbent    BestBd   Gap | It/Node Time

     0     0    6.00000    0    2    8.00000    6.00000  25.0%     -    0s
H    0     0                       7.0000000    6.00000  14.3%     -    0s
H    0     0                       6.0000000    6.00000  0.00%     -    0s
     0     0    6.00000    0    2    6.00000    6.00000  0.00%     -    0s

Explored 1 nodes (23 simplex iterations) in 0.01 seconds (0.00 work units)
Thread count was 4 (of 4 available processors)

Solution count 4: 6 7 8 16 

Optimal solution found (tolerance 1.00e-04)
Best objective 6.000000000000e+00, best bound 6.000000000000e+00, gap 0.0000%

Gurobi 11.0.3 (win64) logging started Tue Sep 10 21:32:32 2024

Set parameter LogFile to value "src/main/java/gzhu/yh/logger/ILP_MDRD.log"
Gurobi Optimizer version 11.0.3 build v11.0.3rc0 (win64 - Windows 10.0 (19045.2))

CPU model: Intel(R) Core(TM) i5-7300HQ CPU @ 2.50GHz, instruction set [SSE2|AVX|AVX2]
Thread count: 4 physical cores, 4 logical processors, using up to 4 threads

Optimize a model with 31 rows, 40 columns and 142 nonzeros
Model fingerprint: 0x38a46227
Variable types: 0 continuous, 40 integer (40 binary)
Coefficient statistics:
  Matrix range     [1e+00, 1e+05]
  Objective range  [1e+00, 2e+00]
  Bounds range     [1e+00, 1e+00]
  RHS range        [1e+00, 9e+00]
Found heuristic solution: objective 18.0000000
Presolve removed 31 rows and 40 columns
Presolve time: 0.00s
Presolve: All rows and columns removed

Explored 0 nodes (0 simplex iterations) in 0.00 seconds (0.00 work units)
Thread count was 1 (of 4 available processors)

Solution count 2: 7 18 

Optimal solution found (tolerance 1.00e-04)
Best objective 7.000000000000e+00, best bound 7.000000000000e+00, gap 0.0000%

Gurobi 11.0.3 (win64) logging started Tue Sep 10 21:33:30 2024

Set parameter LogFile to value "src/main/java/gzhu/yh/logger/ILP_MDRD.log"
Gurobi Optimizer version 11.0.3 build v11.0.3rc0 (win64 - Windows 10.0 (19045.2))

CPU model: Intel(R) Core(TM) i5-7300HQ CPU @ 2.50GHz, instruction set [SSE2|AVX|AVX2]
Thread count: 4 physical cores, 4 logical processors, using up to 4 threads

Optimize a model with 31 rows, 40 columns and 136 nonzeros
Model fingerprint: 0x76a5b0c0
Variable types: 0 continuous, 40 integer (40 binary)
Coefficient statistics:
  Matrix range     [1e+00, 1e+05]
  Objective range  [1e+00, 2e+00]
  Bounds range     [1e+00, 1e+00]
  RHS range        [1e+00, 9e+00]
Found heuristic solution: objective 16.0000000
Presolve removed 31 rows and 40 columns
Presolve time: 0.00s
Presolve: All rows and columns removed

Explored 0 nodes (0 simplex iterations) in 0.00 seconds (0.00 work units)
Thread count was 1 (of 4 available processors)

Solution count 2: 7 16 

Optimal solution found (tolerance 1.00e-04)
Best objective 7.000000000000e+00, best bound 7.000000000000e+00, gap 0.0000%

Gurobi 11.0.3 (win64) logging started Tue Sep 10 21:33:55 2024

Set parameter LogFile to value "src/main/java/gzhu/yh/logger/ILP_MDRD.log"
Gurobi Optimizer version 11.0.3 build v11.0.3rc0 (win64 - Windows 10.0 (19045.2))

CPU model: Intel(R) Core(TM) i5-7300HQ CPU @ 2.50GHz, instruction set [SSE2|AVX|AVX2]
Thread count: 4 physical cores, 4 logical processors, using up to 4 threads

Optimize a model with 31 rows, 40 columns and 150 nonzeros
Model fingerprint: 0x99467a7b
Variable types: 0 continuous, 40 integer (40 binary)
Coefficient statistics:
  Matrix range     [1e+00, 1e+05]
  Objective range  [1e+00, 2e+00]
  Bounds range     [1e+00, 1e+00]
  RHS range        [1e+00, 9e+00]
Found heuristic solution: objective 17.0000000
Presolve removed 0 rows and 10 columns
Presolve time: 0.00s
Presolved: 31 rows, 30 columns, 150 nonzeros
Variable types: 0 continuous, 30 integer (30 binary)
Found heuristic solution: objective 10.0000000

Root relaxation: objective 6.500000e+00, 21 iterations, 0.00 seconds (0.00 work units)

    Nodes    |    Current Node    |     Objective Bounds      |     Work
 Expl Unexpl |  Obj  Depth IntInf | Incumbent    BestBd   Gap | It/Node Time

     0     0    6.50000    0    9   10.00000    6.50000  35.0%     -    0s
H    0     0                       7.0000000    6.50000  7.14%     -    0s
     0     0    6.50000    0    9    7.00000    6.50000  7.14%     -    0s

Explored 1 nodes (21 simplex iterations) in 0.01 seconds (0.00 work units)
Thread count was 4 (of 4 available processors)

Solution count 3: 7 10 17 

Optimal solution found (tolerance 1.00e-04)
Best objective 7.000000000000e+00, best bound 7.000000000000e+00, gap 0.0000%

Gurobi 11.0.3 (win64) logging started Tue Sep 10 21:35:21 2024

Set parameter LogFile to value "src/main/java/gzhu/yh/logger/ILP_MDRD.log"
Gurobi Optimizer version 11.0.3 build v11.0.3rc0 (win64 - Windows 10.0 (19045.2))

CPU model: Intel(R) Core(TM) i5-7300HQ CPU @ 2.50GHz, instruction set [SSE2|AVX|AVX2]
Thread count: 4 physical cores, 4 logical processors, using up to 4 threads

Optimize a model with 19 rows, 24 columns and 84 nonzeros
Model fingerprint: 0xdfc9f868
Variable types: 0 continuous, 24 integer (24 binary)
Coefficient statistics:
  Matrix range     [1e+00, 1e+05]
  Objective range  [1e+00, 2e+00]
  Bounds range     [1e+00, 1e+00]
  RHS range        [1e+00, 5e+00]
Found heuristic solution: objective 10.0000000
Presolve removed 0 rows and 6 columns
Presolve time: 0.00s
Presolved: 19 rows, 18 columns, 84 nonzeros
Variable types: 0 continuous, 18 integer (18 binary)
Found heuristic solution: objective 7.0000000

Root relaxation: objective 4.000000e+00, 13 iterations, 0.00 seconds (0.00 work units)

    Nodes    |    Current Node    |     Objective Bounds      |     Work
 Expl Unexpl |  Obj  Depth IntInf | Incumbent    BestBd   Gap | It/Node Time

     0     0    4.00000    0    2    7.00000    4.00000  42.9%     -    0s
H    0     0                       6.0000000    4.00000  33.3%     -    0s
H    0     0                       5.0000000    4.00000  20.0%     -    0s
     0     0 infeasible    0         5.00000    5.00000  0.00%     -    0s

Cutting planes:
  Gomory: 1
  MIR: 2
  RLT: 1

Explored 1 nodes (15 simplex iterations) in 0.02 seconds (0.00 work units)
Thread count was 4 (of 4 available processors)

Solution count 4: 5 6 7 10 

Optimal solution found (tolerance 1.00e-04)
Best objective 5.000000000000e+00, best bound 5.000000000000e+00, gap 0.0000%

Gurobi 11.0.3 (win64) logging started Tue Sep 10 21:35:40 2024

Set parameter LogFile to value "src/main/java/gzhu/yh/logger/ILP_MDRD.log"
Gurobi Optimizer version 11.0.3 build v11.0.3rc0 (win64 - Windows 10.0 (19045.2))

CPU model: Intel(R) Core(TM) i5-7300HQ CPU @ 2.50GHz, instruction set [SSE2|AVX|AVX2]
Thread count: 4 physical cores, 4 logical processors, using up to 4 threads

Optimize a model with 16 rows, 20 columns and 69 nonzeros
Model fingerprint: 0xe658051a
Variable types: 0 continuous, 20 integer (20 binary)
Coefficient statistics:
  Matrix range     [1e+00, 1e+05]
  Objective range  [1e+00, 2e+00]
  Bounds range     [1e+00, 1e+00]
  RHS range        [1e+00, 4e+00]
Found heuristic solution: objective 9.0000000
Presolve removed 0 rows and 5 columns
Presolve time: 0.00s
Presolved: 16 rows, 15 columns, 69 nonzeros
Variable types: 0 continuous, 15 integer (15 binary)
Found heuristic solution: objective 5.0000000

Root relaxation: objective 4.000000e+00, 13 iterations, 0.00 seconds (0.00 work units)

    Nodes    |    Current Node    |     Objective Bounds      |     Work
 Expl Unexpl |  Obj  Depth IntInf | Incumbent    BestBd   Gap | It/Node Time

     0     0    4.00000    0    8    5.00000    4.00000  20.0%     -    0s
*    0     0               0       4.0000000    4.00000  0.00%     -    0s

Explored 1 nodes (18 simplex iterations) in 0.00 seconds (0.00 work units)
Thread count was 4 (of 4 available processors)

Solution count 3: 4 5 9 

Optimal solution found (tolerance 1.00e-04)
Best objective 4.000000000000e+00, best bound 4.000000000000e+00, gap 0.0000%

Gurobi 11.0.3 (win64) logging started Tue Sep 10 21:46:51 2024

Set parameter LogFile to value "src/main/java/gzhu/yh/logger/ILP_MDRD.log"
Gurobi Optimizer version 11.0.3 build v11.0.3rc0 (win64 - Windows 10.0 (19045.2))

CPU model: Intel(R) Core(TM) i5-7300HQ CPU @ 2.50GHz, instruction set [SSE2|AVX|AVX2]
Thread count: 4 physical cores, 4 logical processors, using up to 4 threads

Optimize a model with 16 rows, 20 columns and 69 nonzeros
Model fingerprint: 0x9cd084fd
Variable types: 0 continuous, 20 integer (20 binary)
Coefficient statistics:
  Matrix range     [1e+00, 1e+05]
  Objective range  [1e+00, 2e+00]
  Bounds range     [1e+00, 1e+00]
  RHS range        [1e+00, 4e+00]
Found heuristic solution: objective 6.0000000
Presolve removed 0 rows and 5 columns
Presolve time: 0.00s
Presolved: 16 rows, 15 columns, 69 nonzeros
Variable types: 0 continuous, 15 integer (15 binary)
Found heuristic solution: objective 4.0000000

Root relaxation: objective 2.300000e+00, 12 iterations, 0.00 seconds (0.00 work units)

    Nodes    |    Current Node    |     Objective Bounds      |     Work
 Expl Unexpl |  Obj  Depth IntInf | Incumbent    BestBd   Gap | It/Node Time

     0     0    2.30000    0   10    4.00000    2.30000  42.5%     -    0s
     0     0    2.30000    0   10    4.00000    2.30000  42.5%     -    0s
     0     0    2.30000    0   10    4.00000    2.30000  42.5%     -    0s
     0     0    2.30000    0   10    4.00000    2.30000  42.5%     -    0s
     0     0    2.33333    0   11    4.00000    2.33333  41.7%     -    0s
     0     0    2.44444    0    3    4.00000    2.44444  38.9%     -    0s
H    0     0                       3.0000000    2.44444  18.5%     -    0s
     0     0    2.44444    0    3    3.00000    2.44444  18.5%     -    0s

Explored 1 nodes (19 simplex iterations) in 0.02 seconds (0.00 work units)
Thread count was 4 (of 4 available processors)

Solution count 3: 3 4 6 

Optimal solution found (tolerance 1.00e-04)
Best objective 3.000000000000e+00, best bound 3.000000000000e+00, gap 0.0000%

Gurobi 11.0.3 (win64) logging started Tue Sep 10 21:50:54 2024

Set parameter LogFile to value "src/main/java/gzhu/yh/logger/ILP_MDRD.log"
Gurobi Optimizer version 11.0.3 build v11.0.3rc0 (win64 - Windows 10.0 (19045.2))

CPU model: Intel(R) Core(TM) i5-7300HQ CPU @ 2.50GHz, instruction set [SSE2|AVX|AVX2]
Thread count: 4 physical cores, 4 logical processors, using up to 4 threads

Optimize a model with 16 rows, 20 columns and 69 nonzeros
Model fingerprint: 0x2e299283
Variable types: 0 continuous, 20 integer (20 binary)
Coefficient statistics:
  Matrix range     [1e+00, 1e+05]
  Objective range  [1e+00, 2e+00]
  Bounds range     [1e+00, 1e+00]
  RHS range        [1e+00, 4e+00]
Found heuristic solution: objective 8.0000000
Presolve removed 0 rows and 5 columns
Presolve time: 0.00s
Presolved: 16 rows, 15 columns, 69 nonzeros
Variable types: 0 continuous, 15 integer (15 binary)
Found heuristic solution: objective 5.0000000

Root relaxation: objective 4.000000e+00, 9 iterations, 0.00 seconds (0.00 work units)

    Nodes    |    Current Node    |     Objective Bounds      |     Work
 Expl Unexpl |  Obj  Depth IntInf | Incumbent    BestBd   Gap | It/Node Time

*    0     0               0       4.0000000    4.00000  0.00%     -    0s

Explored 1 nodes (9 simplex iterations) in 0.00 seconds (0.00 work units)
Thread count was 4 (of 4 available processors)

Solution count 3: 4 5 8 

Optimal solution found (tolerance 1.00e-04)
Best objective 4.000000000000e+00, best bound 4.000000000000e+00, gap 0.0000%

Gurobi 11.0.3 (win64) logging started Tue Sep 10 21:51:17 2024

Set parameter LogFile to value "src/main/java/gzhu/yh/logger/ILP_MDRD.log"
Gurobi Optimizer version 11.0.3 build v11.0.3rc0 (win64 - Windows 10.0 (19045.2))

CPU model: Intel(R) Core(TM) i5-7300HQ CPU @ 2.50GHz, instruction set [SSE2|AVX|AVX2]
Thread count: 4 physical cores, 4 logical processors, using up to 4 threads

Optimize a model with 16 rows, 20 columns and 69 nonzeros
Model fingerprint: 0x2e299283
Variable types: 0 continuous, 20 integer (20 binary)
Coefficient statistics:
  Matrix range     [1e+00, 1e+05]
  Objective range  [1e+00, 2e+00]
  Bounds range     [1e+00, 1e+00]
  RHS range        [1e+00, 4e+00]
Found heuristic solution: objective 8.0000000
Presolve removed 0 rows and 5 columns
Presolve time: 0.00s
Presolved: 16 rows, 15 columns, 69 nonzeros
Variable types: 0 continuous, 15 integer (15 binary)
Found heuristic solution: objective 5.0000000

Root relaxation: objective 4.000000e+00, 9 iterations, 0.00 seconds (0.00 work units)

    Nodes    |    Current Node    |     Objective Bounds      |     Work
 Expl Unexpl |  Obj  Depth IntInf | Incumbent    BestBd   Gap | It/Node Time

*    0     0               0       4.0000000    4.00000  0.00%     -    0s

Explored 1 nodes (9 simplex iterations) in 0.00 seconds (0.00 work units)
Thread count was 4 (of 4 available processors)

Solution count 3: 4 5 8 

Optimal solution found (tolerance 1.00e-04)
Best objective 4.000000000000e+00, best bound 4.000000000000e+00, gap 0.0000%

Gurobi 11.0.3 (win64) logging started Tue Sep 10 21:52:29 2024

Set parameter LogFile to value "src/main/java/gzhu/yh/logger/ILP_MDRD.log"
Gurobi Optimizer version 11.0.3 build v11.0.3rc0 (win64 - Windows 10.0 (19045.2))

CPU model: Intel(R) Core(TM) i5-7300HQ CPU @ 2.50GHz, instruction set [SSE2|AVX|AVX2]
Thread count: 4 physical cores, 4 logical processors, using up to 4 threads

Optimize a model with 16 rows, 20 columns and 69 nonzeros
Model fingerprint: 0x0e5b315d
Variable types: 0 continuous, 20 integer (20 binary)
Coefficient statistics:
  Matrix range     [1e+00, 1e+05]
  Objective range  [1e+00, 2e+00]
  Bounds range     [1e+00, 1e+00]
  RHS range        [1e+00, 4e+00]
Found heuristic solution: objective 5.0000000
Presolve removed 0 rows and 5 columns
Presolve time: 0.00s
Presolved: 16 rows, 15 columns, 69 nonzeros
Variable types: 0 continuous, 15 integer (15 binary)

Root relaxation: objective 3.000000e+00, 9 iterations, 0.00 seconds (0.00 work units)

    Nodes    |    Current Node    |     Objective Bounds      |     Work
 Expl Unexpl |  Obj  Depth IntInf | Incumbent    BestBd   Gap | It/Node Time

     0     0    3.00000    0    2    5.00000    3.00000  40.0%     -    0s
H    0     0                       4.0000000    3.00000  25.0%     -    0s
     0     0    3.00000    0    2    4.00000    3.00000  25.0%     -    0s

Explored 1 nodes (9 simplex iterations) in 0.01 seconds (0.00 work units)
Thread count was 4 (of 4 available processors)

Solution count 2: 4 5 

Optimal solution found (tolerance 1.00e-04)
Best objective 4.000000000000e+00, best bound 4.000000000000e+00, gap 0.0000%

Gurobi 11.0.3 (win64) logging started Tue Sep 10 21:54:17 2024

Set parameter LogFile to value "src/main/java/gzhu/yh/logger/ILP_MDRD.log"
Gurobi Optimizer version 11.0.3 build v11.0.3rc0 (win64 - Windows 10.0 (19045.2))

CPU model: Intel(R) Core(TM) i5-7300HQ CPU @ 2.50GHz, instruction set [SSE2|AVX|AVX2]
Thread count: 4 physical cores, 4 logical processors, using up to 4 threads

Optimize a model with 16 rows, 20 columns and 69 nonzeros
Model fingerprint: 0x2e299283
Variable types: 0 continuous, 20 integer (20 binary)
Coefficient statistics:
  Matrix range     [1e+00, 1e+05]
  Objective range  [1e+00, 2e+00]
  Bounds range     [1e+00, 1e+00]
  RHS range        [1e+00, 4e+00]
Found heuristic solution: objective 8.0000000
Presolve removed 0 rows and 5 columns
Presolve time: 0.00s
Presolved: 16 rows, 15 columns, 69 nonzeros
Variable types: 0 continuous, 15 integer (15 binary)
Found heuristic solution: objective 5.0000000

Root relaxation: objective 4.000000e+00, 9 iterations, 0.00 seconds (0.00 work units)

    Nodes    |    Current Node    |     Objective Bounds      |     Work
 Expl Unexpl |  Obj  Depth IntInf | Incumbent    BestBd   Gap | It/Node Time

*    0     0               0       4.0000000    4.00000  0.00%     -    0s

Explored 1 nodes (9 simplex iterations) in 0.00 seconds (0.00 work units)
Thread count was 4 (of 4 available processors)

Solution count 3: 4 5 8 

Optimal solution found (tolerance 1.00e-04)
Best objective 4.000000000000e+00, best bound 4.000000000000e+00, gap 0.0000%

Gurobi 11.0.3 (win64) logging started Tue Sep 10 21:59:37 2024

Set parameter LogFile to value "src/main/java/gzhu/yh/logger/ILP_MDRD.log"
Gurobi Optimizer version 11.0.3 build v11.0.3rc0 (win64 - Windows 10.0 (19045.2))

CPU model: Intel(R) Core(TM) i5-7300HQ CPU @ 2.50GHz, instruction set [SSE2|AVX|AVX2]
Thread count: 4 physical cores, 4 logical processors, using up to 4 threads

Optimize a model with 16 rows, 20 columns and 69 nonzeros
Model fingerprint: 0x46ac37cb
Variable types: 0 continuous, 20 integer (20 binary)
Coefficient statistics:
  Matrix range     [1e+00, 1e+05]
  Objective range  [1e+00, 2e+00]
  Bounds range     [1e+00, 1e+00]
  RHS range        [1e+00, 4e+00]
Found heuristic solution: objective 8.0000000
Presolve removed 0 rows and 5 columns
Presolve time: 0.00s
Presolved: 16 rows, 15 columns, 69 nonzeros
Variable types: 0 continuous, 15 integer (15 binary)
Found heuristic solution: objective 5.0000000

Root relaxation: objective 3.000000e+00, 14 iterations, 0.00 seconds (0.00 work units)

    Nodes    |    Current Node    |     Objective Bounds      |     Work
 Expl Unexpl |  Obj  Depth IntInf | Incumbent    BestBd   Gap | It/Node Time

     0     0    3.00000    0    2    5.00000    3.00000  40.0%     -    0s
H    0     0                       4.0000000    3.00000  25.0%     -    0s
     0     0    3.00000    0    2    4.00000    3.00000  25.0%     -    0s

Explored 1 nodes (14 simplex iterations) in 0.00 seconds (0.00 work units)
Thread count was 4 (of 4 available processors)

Solution count 3: 4 5 8 

Optimal solution found (tolerance 1.00e-04)
Best objective 4.000000000000e+00, best bound 4.000000000000e+00, gap 0.0000%

Gurobi 11.0.3 (win64) logging started Tue Sep 10 22:14:42 2024

Set parameter LogFile to value "src/main/java/gzhu/yh/logger/ILP_MDRD.log"
Gurobi Optimizer version 11.0.3 build v11.0.3rc0 (win64 - Windows 10.0 (19045.2))

CPU model: Intel(R) Core(TM) i5-7300HQ CPU @ 2.50GHz, instruction set [SSE2|AVX|AVX2]
Thread count: 4 physical cores, 4 logical processors, using up to 4 threads

Optimize a model with 16 rows, 20 columns and 87 nonzeros
Model fingerprint: 0xb42078d6
Variable types: 0 continuous, 20 integer (20 binary)
Coefficient statistics:
  Matrix range     [1e+00, 1e+05]
  Objective range  [1e+00, 2e+00]
  Bounds range     [1e+00, 1e+00]
  RHS range        [1e+00, 4e+00]
Found heuristic solution: objective 7.0000000
Presolve removed 0 rows and 5 columns
Presolve time: 0.00s
Presolved: 16 rows, 15 columns, 87 nonzeros
Variable types: 0 continuous, 15 integer (15 binary)
Found heuristic solution: objective 5.0000000

Root relaxation: objective 2.181818e+00, 10 iterations, 0.00 seconds (0.00 work units)

    Nodes    |    Current Node    |     Objective Bounds      |     Work
 Expl Unexpl |  Obj  Depth IntInf | Incumbent    BestBd   Gap | It/Node Time

     0     0    2.18182    0    6    5.00000    2.18182  56.4%     -    0s
H    0     0                       3.0000000    2.18182  27.3%     -    0s
     0     0    2.18182    0    6    3.00000    2.18182  27.3%     -    0s

Explored 1 nodes (10 simplex iterations) in 0.00 seconds (0.00 work units)
Thread count was 4 (of 4 available processors)

Solution count 3: 3 5 7 

Optimal solution found (tolerance 1.00e-04)
Best objective 3.000000000000e+00, best bound 3.000000000000e+00, gap 0.0000%

Gurobi 11.0.3 (win64) logging started Tue Sep 10 22:33:05 2024

Set parameter LogFile to value "src/main/java/gzhu/yh/logger/ILP_MDRD.log"
Gurobi Optimizer version 11.0.3 build v11.0.3rc0 (win64 - Windows 10.0 (19045.2))

CPU model: Intel(R) Core(TM) i5-7300HQ CPU @ 2.50GHz, instruction set [SSE2|AVX|AVX2]
Thread count: 4 physical cores, 4 logical processors, using up to 4 threads

Optimize a model with 16 rows, 20 columns and 69 nonzeros
Model fingerprint: 0xc945b9cb
Variable types: 0 continuous, 20 integer (20 binary)
Coefficient statistics:
  Matrix range     [1e+00, 1e+05]
  Objective range  [1e+00, 2e+00]
  Bounds range     [1e+00, 1e+00]
  RHS range        [1e+00, 4e+00]
Found heuristic solution: objective 9.0000000
Presolve removed 0 rows and 5 columns
Presolve time: 0.00s
Presolved: 16 rows, 15 columns, 69 nonzeros
Variable types: 0 continuous, 15 integer (15 binary)
Found heuristic solution: objective 5.0000000

Root relaxation: objective 4.000000e+00, 13 iterations, 0.00 seconds (0.00 work units)

    Nodes    |    Current Node    |     Objective Bounds      |     Work
 Expl Unexpl |  Obj  Depth IntInf | Incumbent    BestBd   Gap | It/Node Time

     0     0    4.00000    0    8    5.00000    4.00000  20.0%     -    0s
*    0     0               0       4.0000000    4.00000  0.00%     -    0s

Explored 1 nodes (18 simplex iterations) in 0.00 seconds (0.00 work units)
Thread count was 4 (of 4 available processors)

Solution count 3: 4 5 9 

Optimal solution found (tolerance 1.00e-04)
Best objective 4.000000000000e+00, best bound 4.000000000000e+00, gap 0.0000%

Gurobi 11.0.3 (win64) logging started Tue Sep 10 23:27:10 2024

Set parameter LogFile to value "src/main/java/gzhu/yh/logger/ILP_MDRD.log"
Gurobi Optimizer version 11.0.3 build v11.0.3rc0 (win64 - Windows 10.0 (19045.2))

CPU model: Intel(R) Core(TM) i5-7300HQ CPU @ 2.50GHz, instruction set [SSE2|AVX|AVX2]
Thread count: 4 physical cores, 4 logical processors, using up to 4 threads

Optimize a model with 16 rows, 20 columns and 63 nonzeros
Model fingerprint: 0x6db70b2c
Variable types: 0 continuous, 20 integer (20 binary)
Coefficient statistics:
  Matrix range     [1e+00, 1e+05]
  Objective range  [1e+00, 2e+00]
  Bounds range     [1e+00, 1e+00]
  RHS range        [1e+00, 4e+00]
Found heuristic solution: objective 5.0000000
Presolve removed 0 rows and 5 columns
Presolve time: 0.00s
Presolved: 16 rows, 15 columns, 63 nonzeros
Variable types: 0 continuous, 15 integer (15 binary)
Found heuristic solution: objective 4.0000000

Root relaxation: cutoff, 4 iterations, 0.00 seconds (0.00 work units)

    Nodes    |    Current Node    |     Objective Bounds      |     Work
 Expl Unexpl |  Obj  Depth IntInf | Incumbent    BestBd   Gap | It/Node Time

     0     0     cutoff    0         4.00000    4.00000  0.00%     -    0s

Explored 1 nodes (4 simplex iterations) in 0.00 seconds (0.00 work units)
Thread count was 4 (of 4 available processors)

Solution count 2: 4 5 

Optimal solution found (tolerance 1.00e-04)
Best objective 4.000000000000e+00, best bound 4.000000000000e+00, gap 0.0000%

Gurobi 11.0.3 (win64) logging started Tue Sep 10 23:28:24 2024

Set parameter LogFile to value "src/main/java/gzhu/yh/logger/ILP_MDRD.log"
Gurobi Optimizer version 11.0.3 build v11.0.3rc0 (win64 - Windows 10.0 (19045.2))

CPU model: Intel(R) Core(TM) i5-7300HQ CPU @ 2.50GHz, instruction set [SSE2|AVX|AVX2]
Thread count: 4 physical cores, 4 logical processors, using up to 4 threads

Optimize a model with 16 rows, 20 columns and 69 nonzeros
Model fingerprint: 0xd8c51440
Variable types: 0 continuous, 20 integer (20 binary)
Coefficient statistics:
  Matrix range     [1e+00, 1e+05]
  Objective range  [1e+00, 2e+00]
  Bounds range     [1e+00, 1e+00]
  RHS range        [1e+00, 4e+00]
Found heuristic solution: objective 7.0000000
Presolve removed 0 rows and 5 columns
Presolve time: 0.00s
Presolved: 16 rows, 15 columns, 69 nonzeros
Variable types: 0 continuous, 15 integer (15 binary)
Found heuristic solution: objective 4.0000000

Root relaxation: cutoff, 4 iterations, 0.00 seconds (0.00 work units)

    Nodes    |    Current Node    |     Objective Bounds      |     Work
 Expl Unexpl |  Obj  Depth IntInf | Incumbent    BestBd   Gap | It/Node Time

     0     0     cutoff    0         4.00000    4.00000  0.00%     -    0s

Explored 1 nodes (4 simplex iterations) in 0.00 seconds (0.00 work units)
Thread count was 4 (of 4 available processors)

Solution count 2: 4 7 

Optimal solution found (tolerance 1.00e-04)
Best objective 4.000000000000e+00, best bound 4.000000000000e+00, gap 0.0000%

Gurobi 11.0.3 (win64) logging started Tue Sep 10 23:30:16 2024

Set parameter LogFile to value "src/main/java/gzhu/yh/logger/ILP_MDRD.log"
Gurobi Optimizer version 11.0.3 build v11.0.3rc0 (win64 - Windows 10.0 (19045.2))

CPU model: Intel(R) Core(TM) i5-7300HQ CPU @ 2.50GHz, instruction set [SSE2|AVX|AVX2]
Thread count: 4 physical cores, 4 logical processors, using up to 4 threads

Optimize a model with 16 rows, 20 columns and 59 nonzeros
Model fingerprint: 0xccdfdbe0
Variable types: 0 continuous, 20 integer (20 binary)
Coefficient statistics:
  Matrix range     [1e+00, 1e+05]
  Objective range  [1e+00, 2e+00]
  Bounds range     [1e+00, 1e+00]
  RHS range        [1e+00, 4e+00]
Found heuristic solution: objective 8.0000000
Presolve removed 16 rows and 20 columns
Presolve time: 0.00s
Presolve: All rows and columns removed

Explored 0 nodes (0 simplex iterations) in 0.00 seconds (0.00 work units)
Thread count was 1 (of 4 available processors)

Solution count 2: 4 8 

Optimal solution found (tolerance 1.00e-04)
Best objective 4.000000000000e+00, best bound 4.000000000000e+00, gap 0.0000%

Gurobi 11.0.3 (win64) logging started Tue Sep 10 23:38:13 2024

Set parameter LogFile to value "src/main/java/gzhu/yh/logger/ILP_MDRD.log"
Gurobi Optimizer version 11.0.3 build v11.0.3rc0 (win64 - Windows 10.0 (19045.2))

CPU model: Intel(R) Core(TM) i5-7300HQ CPU @ 2.50GHz, instruction set [SSE2|AVX|AVX2]
Thread count: 4 physical cores, 4 logical processors, using up to 4 threads

Optimize a model with 16 rows, 20 columns and 69 nonzeros
Model fingerprint: 0x16d5de5f
Variable types: 0 continuous, 20 integer (20 binary)
Coefficient statistics:
  Matrix range     [1e+00, 1e+05]
  Objective range  [1e+00, 2e+00]
  Bounds range     [1e+00, 1e+00]
  RHS range        [1e+00, 4e+00]
Found heuristic solution: objective 10.0000000
Presolve removed 0 rows and 5 columns
Presolve time: 0.00s
Presolved: 16 rows, 15 columns, 69 nonzeros
Variable types: 0 continuous, 15 integer (15 binary)
Found heuristic solution: objective 4.0000000

Root relaxation: cutoff, 4 iterations, 0.00 seconds (0.00 work units)

    Nodes    |    Current Node    |     Objective Bounds      |     Work
 Expl Unexpl |  Obj  Depth IntInf | Incumbent    BestBd   Gap | It/Node Time

     0     0     cutoff    0         4.00000    4.00000  0.00%     -    0s

Explored 1 nodes (4 simplex iterations) in 0.00 seconds (0.00 work units)
Thread count was 4 (of 4 available processors)

Solution count 2: 4 10 

Optimal solution found (tolerance 1.00e-04)
Best objective 4.000000000000e+00, best bound 4.000000000000e+00, gap 0.0000%

Gurobi 11.0.3 (win64) logging started Tue Sep 10 23:39:30 2024

Set parameter LogFile to value "src/main/java/gzhu/yh/logger/ILP_MDRD.log"
Gurobi Optimizer version 11.0.3 build v11.0.3rc0 (win64 - Windows 10.0 (19045.2))

CPU model: Intel(R) Core(TM) i5-7300HQ CPU @ 2.50GHz, instruction set [SSE2|AVX|AVX2]
Thread count: 4 physical cores, 4 logical processors, using up to 4 threads

Optimize a model with 16 rows, 20 columns and 67 nonzeros
Model fingerprint: 0x601869c3
Variable types: 0 continuous, 20 integer (20 binary)
Coefficient statistics:
  Matrix range     [1e+00, 1e+05]
  Objective range  [1e+00, 2e+00]
  Bounds range     [1e+00, 1e+00]
  RHS range        [1e+00, 4e+00]
Found heuristic solution: objective 9.0000000
Presolve removed 16 rows and 20 columns
Presolve time: 0.00s
Presolve: All rows and columns removed

Explored 0 nodes (0 simplex iterations) in 0.00 seconds (0.00 work units)
Thread count was 1 (of 4 available processors)

Solution count 2: 3 9 

Optimal solution found (tolerance 1.00e-04)
Best objective 3.000000000000e+00, best bound 3.000000000000e+00, gap 0.0000%

Gurobi 11.0.3 (win64, Java) logging started Wed Sep 11 01:00:16 2024

Set parameter Username
Set parameter LogFile to value "src/main/java/gzhu/yh/logger/ILP_MDRD.log"
Academic license - for non-commercial use only - expires 2025-09-02
Gurobi Optimizer version 11.0.3 build v11.0.3rc0 (win64 - Windows 10.0 (19045.2))

CPU model: Intel(R) Core(TM) i5-7300HQ CPU @ 2.50GHz, instruction set [SSE2|AVX|AVX2]
Thread count: 4 physical cores, 4 logical processors, using up to 4 threads

Optimize a model with 20 rows, 20 columns and 46 nonzeros
Model fingerprint: 0xb4d71a49
Variable types: 0 continuous, 20 integer (20 binary)
Coefficient statistics:
  Matrix range     [1e+00, 2e+00]
  Objective range  [1e+00, 2e+00]
  Bounds range     [1e+00, 1e+00]
  RHS range        [1e+00, 2e+00]
Found heuristic solution: objective 9.0000000
Presolve removed 20 rows and 20 columns
Presolve time: 0.01s
Presolve: All rows and columns removed

Explored 0 nodes (0 simplex iterations) in 0.01 seconds (0.00 work units)
Thread count was 1 (of 4 available processors)

Solution count 2: 4 9 

Optimal solution found (tolerance 1.00e-04)
Best objective 4.000000000000e+00, best bound 4.000000000000e+00, gap 0.0000%

Gurobi 11.0.3 (win64, Java) logging started Wed Sep 11 01:00:36 2024

Set parameter Username
Set parameter LogFile to value "src/main/java/gzhu/yh/logger/ILP_MDRD.log"
Academic license - for non-commercial use only - expires 2025-09-02
Gurobi Optimizer version 11.0.3 build v11.0.3rc0 (win64 - Windows 10.0 (19045.2))

CPU model: Intel(R) Core(TM) i5-7300HQ CPU @ 2.50GHz, instruction set [SSE2|AVX|AVX2]
Thread count: 4 physical cores, 4 logical processors, using up to 4 threads

Optimize a model with 20 rows, 20 columns and 56 nonzeros
Model fingerprint: 0x826741e9
Variable types: 0 continuous, 20 integer (20 binary)
Coefficient statistics:
  Matrix range     [1e+00, 3e+00]
  Objective range  [1e+00, 2e+00]
  Bounds range     [1e+00, 1e+00]
  RHS range        [1e+00, 3e+00]
Found heuristic solution: objective 8.0000000
Presolve removed 20 rows and 20 columns
Presolve time: 0.00s
Presolve: All rows and columns removed

Explored 0 nodes (0 simplex iterations) in 0.00 seconds (0.00 work units)
Thread count was 1 (of 4 available processors)

Solution count 2: 3 8 

Optimal solution found (tolerance 1.00e-04)
Best objective 3.000000000000e+00, best bound 3.000000000000e+00, gap 0.0000%

Gurobi 11.0.3 (win64, Java) logging started Wed Sep 11 01:06:41 2024

Set parameter Username
Set parameter LogFile to value "src/main/java/gzhu/yh/logger/ILP_MDRD.log"
Academic license - for non-commercial use only - expires 2025-09-02
Gurobi Optimizer version 11.0.3 build v11.0.3rc0 (win64 - Windows 10.0 (19045.2))

CPU model: Intel(R) Core(TM) i5-7300HQ CPU @ 2.50GHz, instruction set [SSE2|AVX|AVX2]
Thread count: 4 physical cores, 4 logical processors, using up to 4 threads

Optimize a model with 21 rows, 20 columns and 61 nonzeros
Model fingerprint: 0xfb5d9ccf
Variable types: 0 continuous, 20 integer (20 binary)
Coefficient statistics:
  Matrix range     [1e+00, 3e+00]
  Objective range  [1e+00, 2e+00]
  Bounds range     [1e+00, 1e+00]
  RHS range        [1e+00, 3e+00]
Found heuristic solution: objective 8.0000000
Presolve removed 12 rows and 10 columns
Presolve time: 0.00s
Presolved: 9 rows, 10 columns, 29 nonzeros
Variable types: 0 continuous, 10 integer (10 binary)
Found heuristic solution: objective 5.0000000

Root relaxation: objective 3.666667e+00, 6 iterations, 0.00 seconds (0.00 work units)

    Nodes    |    Current Node    |     Objective Bounds      |     Work
 Expl Unexpl |  Obj  Depth IntInf | Incumbent    BestBd   Gap | It/Node Time

     0     0    3.66667    0    5    5.00000    3.66667  26.7%     -    0s
*    0     0               0       4.0000000    4.00000  0.00%     -    0s

Explored 1 nodes (7 simplex iterations) in 0.01 seconds (0.00 work units)
Thread count was 4 (of 4 available processors)

Solution count 3: 4 5 8 

Optimal solution found (tolerance 1.00e-04)
Best objective 4.000000000000e+00, best bound 4.000000000000e+00, gap 0.0000%

Gurobi 11.0.3 (win64, Java) logging started Wed Sep 11 01:07:46 2024

Set parameter Username
Set parameter LogFile to value "src/main/java/gzhu/yh/logger/ILP_MDRD.log"
Academic license - for non-commercial use only - expires 2025-09-02
Gurobi Optimizer version 11.0.3 build v11.0.3rc0 (win64 - Windows 10.0 (19045.2))

CPU model: Intel(R) Core(TM) i5-7300HQ CPU @ 2.50GHz, instruction set [SSE2|AVX|AVX2]
Thread count: 4 physical cores, 4 logical processors, using up to 4 threads

Optimize a model with 21 rows, 20 columns and 61 nonzeros
Model fingerprint: 0xafc6cb23
Variable types: 0 continuous, 20 integer (20 binary)
Coefficient statistics:
  Matrix range     [1e+00, 3e+00]
  Objective range  [1e+00, 2e+00]
  Bounds range     [1e+00, 1e+00]
  RHS range        [1e+00, 3e+00]
Found heuristic solution: objective 8.0000000
Presolve removed 12 rows and 10 columns
Presolve time: 0.00s
Presolved: 9 rows, 10 columns, 29 nonzeros
Variable types: 0 continuous, 10 integer (10 binary)
Found heuristic solution: objective 5.0000000

Root relaxation: objective 3.666667e+00, 6 iterations, 0.00 seconds (0.00 work units)

    Nodes    |    Current Node    |     Objective Bounds      |     Work
 Expl Unexpl |  Obj  Depth IntInf | Incumbent    BestBd   Gap | It/Node Time

     0     0    3.66667    0    5    5.00000    3.66667  26.7%     -    0s
*    0     0               0       4.0000000    4.00000  0.00%     -    0s

Explored 1 nodes (7 simplex iterations) in 0.00 seconds (0.00 work units)
Thread count was 4 (of 4 available processors)

Solution count 3: 4 5 8 

Optimal solution found (tolerance 1.00e-04)
Best objective 4.000000000000e+00, best bound 4.000000000000e+00, gap 0.0000%

Gurobi 11.0.3 (win64, Java) logging started Wed Sep 11 01:08:08 2024

Set parameter Username
Set parameter LogFile to value "src/main/java/gzhu/yh/logger/ILP_MDRD.log"
Academic license - for non-commercial use only - expires 2025-09-02
Gurobi Optimizer version 11.0.3 build v11.0.3rc0 (win64 - Windows 10.0 (19045.2))

CPU model: Intel(R) Core(TM) i5-7300HQ CPU @ 2.50GHz, instruction set [SSE2|AVX|AVX2]
Thread count: 4 physical cores, 4 logical processors, using up to 4 threads

Optimize a model with 41 rows, 40 columns and 126 nonzeros
Model fingerprint: 0x90b1a24b
Variable types: 0 continuous, 40 integer (40 binary)
Coefficient statistics:
  Matrix range     [1e+00, 4e+00]
  Objective range  [1e+00, 2e+00]
  Bounds range     [1e+00, 1e+00]
  RHS range        [1e+00, 4e+00]
Found heuristic solution: objective 16.0000000
Presolve removed 13 rows and 17 columns
Presolve time: 0.01s
Presolved: 28 rows, 23 columns, 79 nonzeros
Found heuristic solution: objective 7.0000000
Variable types: 0 continuous, 23 integer (23 binary)

Root relaxation: objective 6.000000e+00, 24 iterations, 0.00 seconds (0.00 work units)

    Nodes    |    Current Node    |     Objective Bounds      |     Work
 Expl Unexpl |  Obj  Depth IntInf | Incumbent    BestBd   Gap | It/Node Time

*    0     0               0       6.0000000    6.00000  0.00%     -    0s

Explored 1 nodes (24 simplex iterations) in 0.01 seconds (0.00 work units)
Thread count was 4 (of 4 available processors)

Solution count 3: 6 7 16 

Optimal solution found (tolerance 1.00e-04)
Best objective 6.000000000000e+00, best bound 6.000000000000e+00, gap 0.0000%

Gurobi 11.0.3 (win64, Java) logging started Wed Sep 11 01:19:41 2024

Set parameter Username
Set parameter LogFile to value "src/main/java/gzhu/yh/logger/ILP_MDRD.log"
Academic license - for non-commercial use only - expires 2025-09-02
Gurobi Optimizer version 11.0.3 build v11.0.3rc0 (win64 - Windows 10.0 (19045.2))

CPU model: Intel(R) Core(TM) i5-7300HQ CPU @ 2.50GHz, instruction set [SSE2|AVX|AVX2]
Thread count: 4 physical cores, 4 logical processors, using up to 4 threads

Optimize a model with 41 rows, 40 columns and 126 nonzeros
Model fingerprint: 0x62f42141
Variable types: 0 continuous, 40 integer (40 binary)
Coefficient statistics:
  Matrix range     [1e+00, 5e+00]
  Objective range  [1e+00, 2e+00]
  Bounds range     [1e+00, 1e+00]
  RHS range        [1e+00, 5e+00]
Found heuristic solution: objective 16.0000000
Presolve removed 10 rows and 14 columns
Presolve time: 0.00s
Presolved: 31 rows, 26 columns, 90 nonzeros
Variable types: 0 continuous, 26 integer (26 binary)
Found heuristic solution: objective 10.0000000

Root relaxation: objective 5.454545e+00, 13 iterations, 0.00 seconds (0.00 work units)

    Nodes    |    Current Node    |     Objective Bounds      |     Work
 Expl Unexpl |  Obj  Depth IntInf | Incumbent    BestBd   Gap | It/Node Time

     0     0    5.45455    0    4   10.00000    5.45455  45.5%     -    0s
H    0     0                       6.0000000    5.45455  9.09%     -    0s
     0     0    5.45455    0    4    6.00000    5.45455  9.09%     -    0s

Explored 1 nodes (13 simplex iterations) in 0.00 seconds (0.00 work units)
Thread count was 4 (of 4 available processors)

Solution count 3: 6 10 16 

Optimal solution found (tolerance 1.00e-04)
Best objective 6.000000000000e+00, best bound 6.000000000000e+00, gap 0.0000%

Gurobi 11.0.3 (win64, Java) logging started Wed Sep 11 15:51:21 2024

Set parameter Username
Set parameter LogFile to value "src/main/java/gzhu/yh/logger/ILP_MDRD.log"
Academic license - for non-commercial use only - expires 2025-09-02
Gurobi Optimizer version 11.0.3 build v11.0.3rc0 (win64 - Windows 10.0 (19045.2))

CPU model: Intel(R) Core(TM) i5-7300HQ CPU @ 2.50GHz, instruction set [SSE2|AVX|AVX2]
Thread count: 4 physical cores, 4 logical processors, using up to 4 threads

Optimize a model with 69 rows, 41 columns and 192 nonzeros
Model fingerprint: 0x2a979504
Variable types: 1 continuous, 40 integer (40 binary)
Coefficient statistics:
  Matrix range     [1e+00, 1e+00]
  Objective range  [1e+00, 2e+00]
  Bounds range     [1e+00, 1e+00]
  RHS range        [1e+00, 1e+00]
Found heuristic solution: objective 14.0000000
Presolve removed 69 rows and 41 columns
Presolve time: 0.02s
Presolve: All rows and columns removed

Explored 0 nodes (0 simplex iterations) in 0.03 seconds (0.00 work units)
Thread count was 1 (of 4 available processors)

Solution count 2: 10 14 

Optimal solution found (tolerance 1.00e-04)
Best objective 1.000000000000e+01, best bound 1.000000000000e+01, gap 0.0000%

Gurobi 11.0.3 (win64, Java) logging started Wed Sep 11 15:52:43 2024

Set parameter Username
Set parameter LogFile to value "src/main/java/gzhu/yh/logger/ILP_MDRD.log"
Academic license - for non-commercial use only - expires 2025-09-02
Gurobi Optimizer version 11.0.3 build v11.0.3rc0 (win64 - Windows 10.0 (19045.2))

CPU model: Intel(R) Core(TM) i5-7300HQ CPU @ 2.50GHz, instruction set [SSE2|AVX|AVX2]
Thread count: 4 physical cores, 4 logical processors, using up to 4 threads

Optimize a model with 69 rows, 41 columns and 192 nonzeros
Model fingerprint: 0x8eff2337
Variable types: 1 continuous, 40 integer (40 binary)
Coefficient statistics:
  Matrix range     [1e+00, 1e+00]
  Objective range  [1e+00, 2e+00]
  Bounds range     [1e+00, 1e+00]
  RHS range        [1e+00, 1e+00]
Found heuristic solution: objective 13.0000000
Presolve removed 69 rows and 41 columns
Presolve time: 0.00s
Presolve: All rows and columns removed

Explored 0 nodes (0 simplex iterations) in 0.00 seconds (0.00 work units)
Thread count was 1 (of 4 available processors)

Solution count 2: 10 13 

Optimal solution found (tolerance 1.00e-04)
Best objective 1.000000000000e+01, best bound 1.000000000000e+01, gap 0.0000%

Gurobi 11.0.3 (win64, Java) logging started Wed Sep 11 16:00:11 2024

Set parameter Username
Set parameter LogFile to value "src/main/java/gzhu/yh/logger/ILP_MDRD.log"
Academic license - for non-commercial use only - expires 2025-09-02
Gurobi Optimizer version 11.0.3 build v11.0.3rc0 (win64 - Windows 10.0 (19045.2))

CPU model: Intel(R) Core(TM) i5-7300HQ CPU @ 2.50GHz, instruction set [SSE2|AVX|AVX2]
Thread count: 4 physical cores, 4 logical processors, using up to 4 threads

Optimize a model with 69 rows, 50 columns and 192 nonzeros
Model fingerprint: 0x02f2cf18
Variable types: 10 continuous, 40 integer (40 binary)
Coefficient statistics:
  Matrix range     [1e+00, 1e+00]
  Objective range  [1e+00, 2e+00]
  Bounds range     [1e+00, 1e+00]
  RHS range        [1e+00, 1e+00]
Found heuristic solution: objective 12.0000000
Presolve removed 16 rows and 12 columns
Presolve time: 0.00s
Presolved: 53 rows, 38 columns, 158 nonzeros
Variable types: 0 continuous, 38 integer (38 binary)
Found heuristic solution: objective 10.0000000

Root relaxation: objective 7.000000e+00, 33 iterations, 0.00 seconds (0.00 work units)

    Nodes    |    Current Node    |     Objective Bounds      |     Work
 Expl Unexpl |  Obj  Depth IntInf | Incumbent    BestBd   Gap | It/Node Time

H    0     0                       7.0000000   -2.00000   129%     -    0s
     0     0          -    0         7.00000    7.00000  0.00%     -    0s

Explored 1 nodes (44 simplex iterations) in 0.03 seconds (0.00 work units)
Thread count was 4 (of 4 available processors)

Solution count 3: 7 10 12 

Optimal solution found (tolerance 1.00e-04)
Best objective 7.000000000000e+00, best bound 7.000000000000e+00, gap 0.0000%

Gurobi 11.0.3 (win64, Java) logging started Wed Sep 11 16:00:33 2024

Set parameter Username
Set parameter LogFile to value "src/main/java/gzhu/yh/logger/ILP_MDRD.log"
Academic license - for non-commercial use only - expires 2025-09-02
Gurobi Optimizer version 11.0.3 build v11.0.3rc0 (win64 - Windows 10.0 (19045.2))

CPU model: Intel(R) Core(TM) i5-7300HQ CPU @ 2.50GHz, instruction set [SSE2|AVX|AVX2]
Thread count: 4 physical cores, 4 logical processors, using up to 4 threads

Optimize a model with 69 rows, 50 columns and 192 nonzeros
Model fingerprint: 0x0c5962f2
Variable types: 10 continuous, 40 integer (40 binary)
Coefficient statistics:
  Matrix range     [1e+00, 1e+00]
  Objective range  [1e+00, 2e+00]
  Bounds range     [1e+00, 1e+00]
  RHS range        [1e+00, 1e+00]
Found heuristic solution: objective 12.0000000
Presolve removed 19 rows and 13 columns
Presolve time: 0.00s
Presolved: 50 rows, 37 columns, 151 nonzeros
Variable types: 0 continuous, 37 integer (37 binary)
Found heuristic solution: objective 10.0000000

Root relaxation: objective 5.666667e+00, 39 iterations, 0.00 seconds (0.00 work units)

    Nodes    |    Current Node    |     Objective Bounds      |     Work
 Expl Unexpl |  Obj  Depth IntInf | Incumbent    BestBd   Gap | It/Node Time

     0     0    5.66667    0   21   10.00000    5.66667  43.3%     -    0s
H    0     0                       6.0000000    5.66667  5.56%     -    0s
     0     0    5.66667    0   21    6.00000    5.66667  5.56%     -    0s

Explored 1 nodes (42 simplex iterations) in 0.02 seconds (0.00 work units)
Thread count was 4 (of 4 available processors)

Solution count 3: 6 10 12 

Optimal solution found (tolerance 1.00e-04)
Best objective 6.000000000000e+00, best bound 6.000000000000e+00, gap 0.0000%

Gurobi 11.0.3 (win64, Java) logging started Wed Sep 11 16:04:28 2024

Set parameter Username
Set parameter LogFile to value "src/main/java/gzhu/yh/logger/ILP_MDRD.log"
Academic license - for non-commercial use only - expires 2025-09-02
Gurobi Optimizer version 11.0.3 build v11.0.3rc0 (win64 - Windows 10.0 (19045.2))

CPU model: Intel(R) Core(TM) i5-7300HQ CPU @ 2.50GHz, instruction set [SSE2|AVX|AVX2]
Thread count: 4 physical cores, 4 logical processors, using up to 4 threads

Optimize a model with 69 rows, 50 columns and 192 nonzeros
Model fingerprint: 0xeb652578
Variable types: 10 continuous, 40 integer (40 binary)
Coefficient statistics:
  Matrix range     [1e+00, 1e+00]
  Objective range  [1e+00, 2e+00]
  Bounds range     [1e+00, 1e+00]
  RHS range        [1e+00, 1e+00]
Found heuristic solution: objective 11.0000000
Presolve removed 16 rows and 12 columns
Presolve time: 0.00s
Presolved: 53 rows, 38 columns, 158 nonzeros
Variable types: 0 continuous, 38 integer (38 binary)
Found heuristic solution: objective 10.0000000

Root relaxation: objective 7.000000e+00, 28 iterations, 0.00 seconds (0.00 work units)

    Nodes    |    Current Node    |     Objective Bounds      |     Work
 Expl Unexpl |  Obj  Depth IntInf | Incumbent    BestBd   Gap | It/Node Time

     0     0    7.00000    0   16   10.00000    7.00000  30.0%     -    0s
H    0     0                       8.0000000    7.00000  12.5%     -    0s

Cutting planes:
  Gomory: 1
  Zero half: 2
  RLT: 1

Explored 1 nodes (34 simplex iterations) in 0.02 seconds (0.00 work units)
Thread count was 4 (of 4 available processors)

Solution count 3: 8 10 11 

Optimal solution found (tolerance 1.00e-04)
Best objective 8.000000000000e+00, best bound 8.000000000000e+00, gap 0.0000%
